<?xml version="1.0" encoding="UTF-8"?>
<!-- Generated by org.testng.reporters.JUnitReportReporter -->
<testsuite hostname="DESKTOP-RAO1B2M" failures="0" tests="1" name="driverfactory.TestScript" time="133.703" errors="0" timestamp="2024-11-22T13:01:15 IST" skipped="0">
  <testcase classname="driverfactory.TestScript" name="startTest" time="133.703"/>
  <system-out>
    <![CDATA[No of rows are::2
Add Supplier is Success:::Supplier-00000007758      Supplier-00000007758
Add Supplier is Success:::Supplier-00000007759      Supplier-00000007759]]>
  </system-out>
</testsuite> <!-- driverfactory.TestScript -->
